{
  "stats": {
    "suites": 1,
    "tests": 1,
    "passes": 1,
    "pending": 0,
    "failures": 0,
    "start": "2025-05-01T12:50:10.624Z",
    "end": "2025-05-01T12:50:16.888Z",
    "duration": 6264,
    "testsRegistered": 1,
    "passPercent": 100,
    "pendingPercent": 0,
    "other": 0,
    "hasOther": false,
    "skipped": 0,
    "hasSkipped": false
  },
  "results": [
    {
      "uuid": "e385f1a7-15ac-44c2-af41-a1f3d4fd1eac",
      "title": "",
      "fullFile": "/Users/oksana.kushniaryk/Documents/SeleniumIDE/[WEB] Text changes/textChanges_prod.spec.js",
      "file": "/textChanges_prod.spec.js",
      "beforeHooks": [],
      "afterHooks": [],
      "tests": [],
      "suites": [
        {
          "uuid": "83225c9a-67ac-4a52-aa41-233f7d649071",
          "title": "textChanges",
          "fullFile": "/Users/oksana.kushniaryk/Documents/SeleniumIDE/[WEB] Text changes/textChanges_prod.spec.js",
          "file": "/textChanges_prod.spec.js",
          "beforeHooks": [
            {
              "title": "\"before each\" hook in \"textChanges\"",
              "fullTitle": "textChanges \"before each\" hook in \"textChanges\"",
              "timedOut": false,
              "duration": 1885,
              "state": null,
              "speed": null,
              "pass": false,
              "fail": false,
              "pending": false,
              "context": null,
              "code": "driver = await new Builder().forBrowser('chrome').build()\nvars = {}",
              "err": {},
              "uuid": "2b80f2fd-a473-4d73-8c27-351165482f6a",
              "parentUUID": "83225c9a-67ac-4a52-aa41-233f7d649071",
              "isHook": true,
              "skipped": false
            }
          ],
          "afterHooks": [
            {
              "title": "\"after each\" hook in \"textChanges\"",
              "fullTitle": "textChanges \"after each\" hook in \"textChanges\"",
              "timedOut": false,
              "duration": 131,
              "state": null,
              "speed": null,
              "pass": false,
              "fail": false,
              "pending": false,
              "context": null,
              "code": "await driver.quit();",
              "err": {},
              "uuid": "7489af8f-2ff3-4b3d-a828-91da9b1e510c",
              "parentUUID": "83225c9a-67ac-4a52-aa41-233f7d649071",
              "isHook": true,
              "skipped": false
            }
          ],
          "tests": [
            {
              "title": "textChanges",
              "fullTitle": "textChanges textChanges",
              "timedOut": false,
              "duration": 4243,
              "state": "passed",
              "speed": "slow",
              "pass": true,
              "fail": false,
              "pending": false,
              "context": null,
              "code": "await driver.get(\"https://volunteercentrecounty.org/volunteering-opportunities\")\nawait driver.manage().window().setRect({ width: 1440, height: 900 })\n\n// Verify \"Filter - Select One\" text is present\nconst filterText = await driver.findElement(By.css(\".mb-\\\\[8px\\\\]\")).getText()\nassert.strictEqual(filterText, \"Filter - Select One\", \"Filter text should be 'Filter - Select One'\")\n\n// Verify title doesn't contain \"ALL\"\nconst titleText = await driver.findElement(By.css(\".font-extrabold\")).getText()\nassert(!titleText.includes(\"ALL\"), \"Title should not contain the word 'ALL'\")",
              "err": {},
              "uuid": "4db2061e-c815-48bb-9f55-155cb47b6731",
              "parentUUID": "83225c9a-67ac-4a52-aa41-233f7d649071",
              "isHook": false,
              "skipped": false
            }
          ],
          "suites": [],
          "passes": [
            "4db2061e-c815-48bb-9f55-155cb47b6731"
          ],
          "failures": [],
          "pending": [],
          "skipped": [],
          "duration": 4243,
          "root": false,
          "rootEmpty": false,
          "_timeout": 30000
        }
      ],
      "passes": [],
      "failures": [],
      "pending": [],
      "skipped": [],
      "duration": 0,
      "root": true,
      "rootEmpty": true,
      "_timeout": 2000
    }
  ],
  "meta": {
    "mocha": {
      "version": "10.8.2"
    },
    "mochawesome": {
      "options": {
        "quiet": false,
        "reportFilename": "mochawesome",
        "saveHtml": true,
        "saveJson": true,
        "consoleReporter": "spec",
        "useInlineDiffs": false,
        "code": true
      },
      "version": "7.1.3"
    },
    "marge": {
      "options": null,
      "version": "6.2.0"
    }
  }
}